<?xml version="1.0" encoding="UTF-8"?>
<testsuite xmlns:xsi="http://www.w3.org/2001/XMLSchema-instance" xsi:noNamespaceSchemaLocation="https://maven.apache.org/surefire/maven-surefire-plugin/xsd/surefire-test-report-3.0.xsd" version="3.0" name="BDDDir.TestRunner" time="0.346" tests="12" errors="0" skipped="0" failures="0">
  <properties>
    <property name="java.specification.version" value="21"/>
    <property name="sun.cpu.isalist" value="amd64"/>
    <property name="sun.jnu.encoding" value="Cp1250"/>
    <property name="java.class.path" value="C:\BME\EllTech\HF\iet-hf-2024-team01\target\test-classes;C:\BME\EllTech\HF\iet-hf-2024-team01\target\classes;C:\Users\Moór Bence Dániel\.m2\repository\org\junit\jupiter\junit-jupiter\5.10.0\junit-jupiter-5.10.0.jar;C:\Users\Moór Bence Dániel\.m2\repository\org\junit\jupiter\junit-jupiter-api\5.10.0\junit-jupiter-api-5.10.0.jar;C:\Users\Moór Bence Dániel\.m2\repository\org\opentest4j\opentest4j\1.3.0\opentest4j-1.3.0.jar;C:\Users\Moór Bence Dániel\.m2\repository\org\junit\platform\junit-platform-commons\1.10.0\junit-platform-commons-1.10.0.jar;C:\Users\Moór Bence Dániel\.m2\repository\org\junit\jupiter\junit-jupiter-params\5.10.0\junit-jupiter-params-5.10.0.jar;C:\Users\Moór Bence Dániel\.m2\repository\org\junit\jupiter\junit-jupiter-engine\5.10.0\junit-jupiter-engine-5.10.0.jar;C:\Users\Moór Bence Dániel\.m2\repository\org\junit\platform\junit-platform-suite\1.10.2\junit-platform-suite-1.10.2.jar;C:\Users\Moór Bence Dániel\.m2\repository\org\junit\platform\junit-platform-suite-api\1.10.2\junit-platform-suite-api-1.10.2.jar;C:\Users\Moór Bence Dániel\.m2\repository\org\junit\platform\junit-platform-suite-engine\1.10.2\junit-platform-suite-engine-1.10.2.jar;C:\Users\Moór Bence Dániel\.m2\repository\org\junit\platform\junit-platform-suite-commons\1.10.2\junit-platform-suite-commons-1.10.2.jar;C:\Users\Moór Bence Dániel\.m2\repository\org\junit\platform\junit-platform-launcher\1.10.2\junit-platform-launcher-1.10.2.jar;C:\Users\Moór Bence Dániel\.m2\repository\io\cucumber\cucumber-java\7.18.0\cucumber-java-7.18.0.jar;C:\Users\Moór Bence Dániel\.m2\repository\io\cucumber\cucumber-core\7.18.0\cucumber-core-7.18.0.jar;C:\Users\Moór Bence Dániel\.m2\repository\io\cucumber\cucumber-gherkin\7.18.0\cucumber-gherkin-7.18.0.jar;C:\Users\Moór Bence Dániel\.m2\repository\io\cucumber\cucumber-gherkin-messages\7.18.0\cucumber-gherkin-messages-7.18.0.jar;C:\Users\Moór Bence Dániel\.m2\repository\io\cucumber\gherkin\28.0.0\gherkin-28.0.0.jar;C:\Users\Moór Bence Dániel\.m2\repository\io\cucumber\messages\24.1.0\messages-24.1.0.jar;C:\Users\Moór Bence Dániel\.m2\repository\io\cucumber\testng-xml-formatter\0.1.0\testng-xml-formatter-0.1.0.jar;C:\Users\Moór Bence Dániel\.m2\repository\io\cucumber\query\12.1.2\query-12.1.2.jar;C:\Users\Moór Bence Dániel\.m2\repository\io\cucumber\tag-expressions\6.1.0\tag-expressions-6.1.0.jar;C:\Users\Moór Bence Dániel\.m2\repository\io\cucumber\cucumber-expressions\17.1.0\cucumber-expressions-17.1.0.jar;C:\Users\Moór Bence Dániel\.m2\repository\io\cucumber\datatable\7.18.0\datatable-7.18.0.jar;C:\Users\Moór Bence Dániel\.m2\repository\io\cucumber\cucumber-plugin\7.18.0\cucumber-plugin-7.18.0.jar;C:\Users\Moór Bence Dániel\.m2\repository\io\cucumber\docstring\7.18.0\docstring-7.18.0.jar;C:\Users\Moór Bence Dániel\.m2\repository\io\cucumber\html-formatter\21.3.1\html-formatter-21.3.1.jar;C:\Users\Moór Bence Dániel\.m2\repository\io\cucumber\junit-xml-formatter\0.4.0\junit-xml-formatter-0.4.0.jar;C:\Users\Moór Bence Dániel\.m2\repository\io\cucumber\ci-environment\10.0.1\ci-environment-10.0.1.jar;C:\Users\Moór Bence Dániel\.m2\repository\org\apiguardian\apiguardian-api\1.1.2\apiguardian-api-1.1.2.jar;C:\Users\Moór Bence Dániel\.m2\repository\io\cucumber\cucumber-junit-platform-engine\7.18.0\cucumber-junit-platform-engine-7.18.0.jar;C:\Users\Moór Bence Dániel\.m2\repository\org\junit\platform\junit-platform-engine\1.10.2\junit-platform-engine-1.10.2.jar;"/>
    <property name="java.vm.vendor" value="Oracle Corporation"/>
    <property name="sun.arch.data.model" value="64"/>
    <property name="user.variant" value=""/>
    <property name="java.vendor.url" value="https://java.oracle.com/"/>
    <property name="user.timezone" value="Europe/Budapest"/>
    <property name="os.name" value="Windows 11"/>
    <property name="java.vm.specification.version" value="21"/>
    <property name="sun.java.launcher" value="SUN_STANDARD"/>
    <property name="user.country" value="HU"/>
    <property name="sun.boot.library.path" value="C:\Java\JDK\bin"/>
    <property name="sun.java.command" value="C:\Users\Moór Bence Dániel\AppData\Local\Temp\surefire15794859654041144360\surefirebooter-20240522224912105_3.jar C:\Users\Moór Bence Dániel\AppData\Local\Temp\surefire15794859654041144360 2024-05-22T22-49-11_998-jvmRun1 surefire-20240522224912105_1tmp surefire_0-20240522224912105_2tmp"/>
    <property name="jdk.debug" value="release"/>
    <property name="surefire.test.class.path" value="C:\BME\EllTech\HF\iet-hf-2024-team01\target\test-classes;C:\BME\EllTech\HF\iet-hf-2024-team01\target\classes;C:\Users\Moór Bence Dániel\.m2\repository\org\junit\jupiter\junit-jupiter\5.10.0\junit-jupiter-5.10.0.jar;C:\Users\Moór Bence Dániel\.m2\repository\org\junit\jupiter\junit-jupiter-api\5.10.0\junit-jupiter-api-5.10.0.jar;C:\Users\Moór Bence Dániel\.m2\repository\org\opentest4j\opentest4j\1.3.0\opentest4j-1.3.0.jar;C:\Users\Moór Bence Dániel\.m2\repository\org\junit\platform\junit-platform-commons\1.10.0\junit-platform-commons-1.10.0.jar;C:\Users\Moór Bence Dániel\.m2\repository\org\junit\jupiter\junit-jupiter-params\5.10.0\junit-jupiter-params-5.10.0.jar;C:\Users\Moór Bence Dániel\.m2\repository\org\junit\jupiter\junit-jupiter-engine\5.10.0\junit-jupiter-engine-5.10.0.jar;C:\Users\Moór Bence Dániel\.m2\repository\org\junit\platform\junit-platform-suite\1.10.2\junit-platform-suite-1.10.2.jar;C:\Users\Moór Bence Dániel\.m2\repository\org\junit\platform\junit-platform-suite-api\1.10.2\junit-platform-suite-api-1.10.2.jar;C:\Users\Moór Bence Dániel\.m2\repository\org\junit\platform\junit-platform-suite-engine\1.10.2\junit-platform-suite-engine-1.10.2.jar;C:\Users\Moór Bence Dániel\.m2\repository\org\junit\platform\junit-platform-suite-commons\1.10.2\junit-platform-suite-commons-1.10.2.jar;C:\Users\Moór Bence Dániel\.m2\repository\org\junit\platform\junit-platform-launcher\1.10.2\junit-platform-launcher-1.10.2.jar;C:\Users\Moór Bence Dániel\.m2\repository\io\cucumber\cucumber-java\7.18.0\cucumber-java-7.18.0.jar;C:\Users\Moór Bence Dániel\.m2\repository\io\cucumber\cucumber-core\7.18.0\cucumber-core-7.18.0.jar;C:\Users\Moór Bence Dániel\.m2\repository\io\cucumber\cucumber-gherkin\7.18.0\cucumber-gherkin-7.18.0.jar;C:\Users\Moór Bence Dániel\.m2\repository\io\cucumber\cucumber-gherkin-messages\7.18.0\cucumber-gherkin-messages-7.18.0.jar;C:\Users\Moór Bence Dániel\.m2\repository\io\cucumber\gherkin\28.0.0\gherkin-28.0.0.jar;C:\Users\Moór Bence Dániel\.m2\repository\io\cucumber\messages\24.1.0\messages-24.1.0.jar;C:\Users\Moór Bence Dániel\.m2\repository\io\cucumber\testng-xml-formatter\0.1.0\testng-xml-formatter-0.1.0.jar;C:\Users\Moór Bence Dániel\.m2\repository\io\cucumber\query\12.1.2\query-12.1.2.jar;C:\Users\Moór Bence Dániel\.m2\repository\io\cucumber\tag-expressions\6.1.0\tag-expressions-6.1.0.jar;C:\Users\Moór Bence Dániel\.m2\repository\io\cucumber\cucumber-expressions\17.1.0\cucumber-expressions-17.1.0.jar;C:\Users\Moór Bence Dániel\.m2\repository\io\cucumber\datatable\7.18.0\datatable-7.18.0.jar;C:\Users\Moór Bence Dániel\.m2\repository\io\cucumber\cucumber-plugin\7.18.0\cucumber-plugin-7.18.0.jar;C:\Users\Moór Bence Dániel\.m2\repository\io\cucumber\docstring\7.18.0\docstring-7.18.0.jar;C:\Users\Moór Bence Dániel\.m2\repository\io\cucumber\html-formatter\21.3.1\html-formatter-21.3.1.jar;C:\Users\Moór Bence Dániel\.m2\repository\io\cucumber\junit-xml-formatter\0.4.0\junit-xml-formatter-0.4.0.jar;C:\Users\Moór Bence Dániel\.m2\repository\io\cucumber\ci-environment\10.0.1\ci-environment-10.0.1.jar;C:\Users\Moór Bence Dániel\.m2\repository\org\apiguardian\apiguardian-api\1.1.2\apiguardian-api-1.1.2.jar;C:\Users\Moór Bence Dániel\.m2\repository\io\cucumber\cucumber-junit-platform-engine\7.18.0\cucumber-junit-platform-engine-7.18.0.jar;C:\Users\Moór Bence Dániel\.m2\repository\org\junit\platform\junit-platform-engine\1.10.2\junit-platform-engine-1.10.2.jar;"/>
    <property name="sun.cpu.endian" value="little"/>
    <property name="user.home" value="C:\Users\Moór Bence Dániel"/>
    <property name="user.language" value="hu"/>
    <property name="java.specification.vendor" value="Oracle Corporation"/>
    <property name="java.version.date" value="2023-10-17"/>
    <property name="java.home" value="C:\Java\JDK"/>
    <property name="file.separator" value="\"/>
    <property name="basedir" value="C:\BME\EllTech\HF\iet-hf-2024-team01"/>
    <property name="java.vm.compressedOopsMode" value="Zero based"/>
    <property name="line.separator" value="&#10;"/>
    <property name="java.vm.specification.vendor" value="Oracle Corporation"/>
    <property name="java.specification.name" value="Java Platform API Specification"/>
    <property name="surefire.real.class.path" value="C:\Users\Moór Bence Dániel\AppData\Local\Temp\surefire15794859654041144360\surefirebooter-20240522224912105_3.jar"/>
    <property name="user.script" value=""/>
    <property name="sun.management.compiler" value="HotSpot 64-Bit Tiered Compilers"/>
    <property name="java.runtime.version" value="21.0.1+12-29"/>
    <property name="user.name" value="Moór Bence Dániel"/>
    <property name="stdout.encoding" value="Cp1250"/>
    <property name="path.separator" value=";"/>
    <property name="os.version" value="10.0"/>
    <property name="java.runtime.name" value="OpenJDK Runtime Environment"/>
    <property name="file.encoding" value="UTF-8"/>
    <property name="java.vm.name" value="OpenJDK 64-Bit Server VM"/>
    <property name="localRepository" value="C:\Users\Moór Bence Dániel\.m2\repository"/>
    <property name="java.vendor.url.bug" value="https://bugreport.java.com/bugreport/"/>
    <property name="java.io.tmpdir" value="C:\Users\MORBEN~1\AppData\Local\Temp\"/>
    <property name="idea.version" value="2023.2.4"/>
    <property name="java.version" value="21.0.1"/>
    <property name="user.dir" value="C:\BME\EllTech\HF\iet-hf-2024-team01"/>
    <property name="os.arch" value="amd64"/>
    <property name="java.vm.specification.name" value="Java Virtual Machine Specification"/>
    <property name="sun.os.patch.level" value=""/>
    <property name="native.encoding" value="Cp1250"/>
    <property name="java.library.path" value="C:\Java\JDK\bin;C:\Windows\Sun\Java\bin;C:\Windows\system32;C:\Windows;C:\Program Files\Common Files\Oracle\Java\javapath;C:\Program Files (x86)\Common Files\Oracle\Java\javapath;C:\Windows\system32;C:\Windows;C:\Windows\System32\Wbem;C:\Windows\System32\WindowsPowerShell\v1.0\;C:\Windows\System32\OpenSSH\;C:\Program Files (x86)\NVIDIA Corporation\PhysX\Common;C:\Program Files\NVIDIA Corporation\NVIDIA NvDLISR;C:\Program Files\Git\cmd;C:\Program Files\dotnet\;C:\Program Files\nodejs\;C:\Tools\Gradle\gradle-8.5-bin\gradle-8.5\bin;C:\Python\Scripts\;C:\Python\;C:\Users\Moór Bence Dániel\AppData\Local\Programs\Python\Launcher\;C:\Users\Moór Bence Dániel\AppData\Local\Microsoft\WindowsApps;C:\Users\Moór Bence Dániel\AppData\Local\GitHubDesktop\bin;C:\Users\Moór Bence Dániel\AppData\Local\Programs\Microsoft VS Code\bin;C:\Users\Moór Bence Dániel\AppData\Roaming\npm;C:\Users\Moór Bence Dániel\.dotnet\tools;C:\Tools\Python;C:\Tools\Python\Scripts;C:\Tools\Circle;C:\Program Files (x86)\Microsoft SQL Server\160\DTS\Binn\;C:\Program Files (x86)\Microsoft SQL Server\160\Tools\Binn\;C:\Program Files\Microsoft SQL Server\160\Tools\Binn\;C:\Program Files\Microsoft SQL Server\Client SDK\ODBC\170\Tools\Binn\;C:\Program Files\Microsoft SQL Server\160\DTS\Binn\;C:\Program Files\Docker\Docker\resources\bin;C:\Program Files\Microsoft SQL Server\150\Tools\Binn\;C:\Program Files (x86)\Windows Kits\10\Windows Performance Toolkit\;C:\Tools\Maven\apache-maven-3.9.6-bin\apache-maven-3.9.6\bin;C:\Python\Scripts\;C:\Python\;C:\Users\Moór Bence Dániel\AppData\Local\Programs\Python\Launcher\;C:\Users\Moór Bence Dániel\AppData\Local\Microsoft\WindowsApps;C:\Users\Moór Bence Dániel\AppData\Local\GitHubDesktop\bin;C:\Users\Moór Bence Dániel\AppData\Local\Programs\Microsoft VS Code\bin;C:\Users\Moór Bence Dániel\AppData\Roaming\npm;C:\Tools\Gradle\gradle-8.5-bin\gradle-8.5\bin;C:\Users\Moór Bence Dániel\.dotnet\tools;."/>
    <property name="java.vm.info" value="mixed mode, sharing"/>
    <property name="stderr.encoding" value="Cp1250"/>
    <property name="java.vendor" value="Oracle Corporation"/>
    <property name="java.vm.version" value="21.0.1+12-29"/>
    <property name="sun.io.unicode.encoding" value="UnicodeLittle"/>
    <property name="java.class.version" value="65.0"/>
  </properties>
  <testcase name="Example #1.1" classname="Examples" time="0.133">
    <system-out><![CDATA[
Scenario Outline: Cső csúszosság tesztelés &amp#27;[90m# BDDDir/CsoCsuszos.feature:9&amp#27;[0m
  &amp#27;[32mGiven &amp#27;[0m&amp#27;[32mA cső &amp#27;[0m&amp#27;[32m&amp#27;[1m0&amp#27;[0m&amp#27;[32m körig csúszós&amp#27;[0m              &amp#27;[90m# BDDDir.CsoCsuszosStepDefs.setCso(int)&amp#27;[0m
  &amp#27;[32mWhen &amp#27;[0m&amp#27;[32mElteilk egy kör&amp#27;[0m                     &amp#27;[90m# BDDDir.CsoCsuszosStepDefs.elteilkEgyKor()&amp#27;[0m
  &amp#27;[32mThen &amp#27;[0m&amp#27;[32mA cső &amp#27;[0m&amp#27;[32m&amp#27;[1m"nem csúszós"&amp#27;[0m                 &amp#27;[90m# BDDDir.CsoCsuszosStepDefs.aCso(java.lang.String)&amp#27;[0m
]]></system-out>
  </testcase>
  <testcase name="Example #1.1" classname="Examples" time="0.014">
    <system-out><![CDATA[
Scenario Outline: A cső lyukasságának tesztelése &amp#27;[90m# BDDDir/CsoLyukas.feature:8&amp#27;[0m
  &amp#27;[32mGiven &amp#27;[0m&amp#27;[32mA cső jelenleg &amp#27;[0m&amp#27;[32m&amp#27;[1m"lyukas"&amp#27;[0m                  &amp#27;[90m# BDDDir.CsoLyukasStepDefs.setupCso(java.lang.String)&amp#27;[0m
  &amp#27;[32mWhen &amp#27;[0m&amp#27;[32mA csővet megpróbáljuk kilyuakasztani&amp#27;[0m      &amp#27;[90m# BDDDir.CsoLyukasStepDefs.holeCso()&amp#27;[0m
  &amp#27;[32mThen &amp#27;[0m&amp#27;[32mA cső ezután &amp#27;[0m&amp#27;[32m&amp#27;[1m"lyukas"&amp#27;[0m                     &amp#27;[90m# BDDDir.CsoLyukasStepDefs.csoHasHole(java.lang.String)&amp#27;[0m
]]></system-out>
  </testcase>
  <testcase name="Example #1.1" classname="Examples" time="0.008">
    <system-out><![CDATA[
Scenario Outline: A szerelő a mezőről, ahol áll, egy szomszédos mezőre mozdul át. &amp#27;[90m# BDDDir/SzereloElmozdul.feature:12&amp#27;[0m
  &amp#27;[32mGiven &amp#27;[0m&amp#27;[32mEgy egyszerű pálya&amp#27;[0m                                                        &amp#27;[90m# BDDDir.MovementStepDefs.initialize()&amp#27;[0m
  &amp#27;[32mWhen &amp#27;[0m&amp#27;[32mEgy &amp#27;[0m&amp#27;[32m&amp#27;[1m"cs2"&amp#27;[0m&amp#27;[32m szomszédos csőre lép&amp#27;[0m                                             &amp#27;[90m# BDDDir.MovementStepDefs.MoveToField(java.lang.String)&amp#27;[0m
  &amp#27;[32mThen &amp#27;[0m&amp#27;[32mA csőre kell kerülnie, ha az nem foglalt&amp#27;[0m                                   &amp#27;[90m# BDDDir.MovementStepDefs.CheckMovement()&amp#27;[0m
  &amp#27;[32mAnd &amp#27;[0m&amp#27;[32mEl kell tűnnie a &amp#27;[0m&amp#27;[32m&amp#27;[1m"p2"&amp#27;[0m&amp#27;[32m korábbi mezőről&amp#27;[0m                                       &amp#27;[90m# BDDDir.MovementStepDefs.CheckPosition(java.lang.String)&amp#27;[0m
]]></system-out>
  </testcase>
  <testcase name="Example #1.1" classname="Examples" time="0.004">
    <system-out><![CDATA[
Scenario Outline: Szerelő megpróbál egy pumpát felvenni &amp#27;[90m# BDDDir/SzereloPumpatFelvesz.feature:8&amp#27;[0m
  &amp#27;[32mGiven &amp#27;[0m&amp#27;[32mA szerelő egy &amp#27;[0m&amp#27;[32m&amp#27;[1m"pumpa"&amp#27;[0m&amp#27;[32m mezőn áll&amp#27;[0m                 &amp#27;[90m# BDDDir.SzereloPumpatFelveszStepDefs.setSzereloOnGivenMezo(java.lang.String)&amp#27;[0m
Ezen a mezon nem kaphatsz pumpat!
  &amp#27;[32mWhen &amp#27;[0m&amp#27;[32mMegpróbál egy pumpát felvenni&amp#27;[0m                    &amp#27;[90m# BDDDir.SzereloPumpatFelveszStepDefs.szereloTryPickUpPump()&amp#27;[0m
  &amp#27;[32mThen &amp#27;[0m&amp#27;[32mA pumpa &amp#27;[0m&amp#27;[32m&amp#27;[1m"nincs"&amp#27;[0m&amp#27;[32m a szerelőnél&amp#27;[0m                     &amp#27;[90m# BDDDir.SzereloPumpatFelveszStepDefs.szereloHasPump(java.lang.String)&amp#27;[0m
]]></system-out>
  </testcase>
  <testcase name="Example #1.2" classname="Examples" time="0.017">
    <system-out><![CDATA[
Scenario Outline: Cső csúszosság tesztelés &amp#27;[90m# BDDDir/CsoCsuszos.feature:10&amp#27;[0m
  &amp#27;[32mGiven &amp#27;[0m&amp#27;[32mA cső &amp#27;[0m&amp#27;[32m&amp#27;[1m5&amp#27;[0m&amp#27;[32m körig csúszós&amp#27;[0m              &amp#27;[90m# BDDDir.CsoCsuszosStepDefs.setCso(int)&amp#27;[0m
  &amp#27;[32mWhen &amp#27;[0m&amp#27;[32mElteilk egy kör&amp#27;[0m                     &amp#27;[90m# BDDDir.CsoCsuszosStepDefs.elteilkEgyKor()&amp#27;[0m
  &amp#27;[32mThen &amp#27;[0m&amp#27;[32mA cső &amp#27;[0m&amp#27;[32m&amp#27;[1m"csúszós"&amp#27;[0m                     &amp#27;[90m# BDDDir.CsoCsuszosStepDefs.aCso(java.lang.String)&amp#27;[0m
]]></system-out>
  </testcase>
  <testcase name="Example #1.2" classname="Examples" time="0.009">
    <system-out><![CDATA[
Scenario Outline: A cső lyukasságának tesztelése &amp#27;[90m# BDDDir/CsoLyukas.feature:9&amp#27;[0m
  &amp#27;[32mGiven &amp#27;[0m&amp#27;[32mA cső jelenleg &amp#27;[0m&amp#27;[32m&amp#27;[1m"nemlyukas"&amp#27;[0m               &amp#27;[90m# BDDDir.CsoLyukasStepDefs.setupCso(java.lang.String)&amp#27;[0m
  &amp#27;[32mWhen &amp#27;[0m&amp#27;[32mA csővet megpróbáljuk kilyuakasztani&amp#27;[0m      &amp#27;[90m# BDDDir.CsoLyukasStepDefs.holeCso()&amp#27;[0m
  &amp#27;[32mThen &amp#27;[0m&amp#27;[32mA cső ezután &amp#27;[0m&amp#27;[32m&amp#27;[1m"lyukas"&amp#27;[0m                     &amp#27;[90m# BDDDir.CsoLyukasStepDefs.csoHasHole(java.lang.String)&amp#27;[0m
]]></system-out>
  </testcase>
  <testcase name="Example #1.2" classname="Examples" time="0.005">
    <system-out><![CDATA[
Scenario Outline: A szerelő a mezőről, ahol áll, egy szomszédos mezőre mozdul át. &amp#27;[90m# BDDDir/SzereloElmozdul.feature:13&amp#27;[0m
  &amp#27;[32mGiven &amp#27;[0m&amp#27;[32mEgy egyszerű pálya&amp#27;[0m                                                        &amp#27;[90m# BDDDir.MovementStepDefs.initialize()&amp#27;[0m
  &amp#27;[32mWhen &amp#27;[0m&amp#27;[32mEgy &amp#27;[0m&amp#27;[32m&amp#27;[1m"cs3"&amp#27;[0m&amp#27;[32m szomszédos csőre lép&amp#27;[0m                                             &amp#27;[90m# BDDDir.MovementStepDefs.MoveToField(java.lang.String)&amp#27;[0m
  &amp#27;[32mThen &amp#27;[0m&amp#27;[32mA csőre kell kerülnie, ha az nem foglalt&amp#27;[0m                                   &amp#27;[90m# BDDDir.MovementStepDefs.CheckMovement()&amp#27;[0m
  &amp#27;[32mAnd &amp#27;[0m&amp#27;[32mEl kell tűnnie a &amp#27;[0m&amp#27;[32m&amp#27;[1m"p2"&amp#27;[0m&amp#27;[32m korábbi mezőről&amp#27;[0m                                       &amp#27;[90m# BDDDir.MovementStepDefs.CheckPosition(java.lang.String)&amp#27;[0m
]]></system-out>
  </testcase>
  <testcase name="Example #1.2" classname="Examples" time="0.004">
    <system-out><![CDATA[
Scenario Outline: Szerelő megpróbál egy pumpát felvenni &amp#27;[90m# BDDDir/SzereloPumpatFelvesz.feature:9&amp#27;[0m
  &amp#27;[32mGiven &amp#27;[0m&amp#27;[32mA szerelő egy &amp#27;[0m&amp#27;[32m&amp#27;[1m"cső"&amp#27;[0m&amp#27;[32m mezőn áll&amp#27;[0m                   &amp#27;[90m# BDDDir.SzereloPumpatFelveszStepDefs.setSzereloOnGivenMezo(java.lang.String)&amp#27;[0m
Ezen a mezon nem kaphatsz pumpat!
  &amp#27;[32mWhen &amp#27;[0m&amp#27;[32mMegpróbál egy pumpát felvenni&amp#27;[0m                    &amp#27;[90m# BDDDir.SzereloPumpatFelveszStepDefs.szereloTryPickUpPump()&amp#27;[0m
  &amp#27;[32mThen &amp#27;[0m&amp#27;[32mA pumpa &amp#27;[0m&amp#27;[32m&amp#27;[1m"nincs"&amp#27;[0m&amp#27;[32m a szerelőnél&amp#27;[0m                     &amp#27;[90m# BDDDir.SzereloPumpatFelveszStepDefs.szereloHasPump(java.lang.String)&amp#27;[0m
]]></system-out>
  </testcase>
  <testcase name="Example #1.3" classname="Examples" time="0.006">
    <system-out><![CDATA[
Scenario Outline: Cső csúszosság tesztelés &amp#27;[90m# BDDDir/CsoCsuszos.feature:11&amp#27;[0m
  &amp#27;[32mGiven &amp#27;[0m&amp#27;[32mA cső &amp#27;[0m&amp#27;[32m&amp#27;[1m1&amp#27;[0m&amp#27;[32m körig csúszós&amp#27;[0m              &amp#27;[90m# BDDDir.CsoCsuszosStepDefs.setCso(int)&amp#27;[0m
  &amp#27;[32mWhen &amp#27;[0m&amp#27;[32mElteilk egy kör&amp#27;[0m                     &amp#27;[90m# BDDDir.CsoCsuszosStepDefs.elteilkEgyKor()&amp#27;[0m
  &amp#27;[32mThen &amp#27;[0m&amp#27;[32mA cső &amp#27;[0m&amp#27;[32m&amp#27;[1m"nem csúszós"&amp#27;[0m                 &amp#27;[90m# BDDDir.CsoCsuszosStepDefs.aCso(java.lang.String)&amp#27;[0m
]]></system-out>
  </testcase>
  <testcase name="Example #1.3" classname="Examples" time="0.006">
    <system-out><![CDATA[
Scenario Outline: A cső lyukasságának tesztelése &amp#27;[90m# BDDDir/CsoLyukas.feature:10&amp#27;[0m
  &amp#27;[32mGiven &amp#27;[0m&amp#27;[32mA cső jelenleg &amp#27;[0m&amp#27;[32m&amp#27;[1m"ellenallo"&amp#27;[0m               &amp#27;[90m# BDDDir.CsoLyukasStepDefs.setupCso(java.lang.String)&amp#27;[0m
Cso ellenallo, nem lyukasztható
  &amp#27;[32mWhen &amp#27;[0m&amp#27;[32mA csővet megpróbáljuk kilyuakasztani&amp#27;[0m      &amp#27;[90m# BDDDir.CsoLyukasStepDefs.holeCso()&amp#27;[0m
  &amp#27;[32mThen &amp#27;[0m&amp#27;[32mA cső ezután &amp#27;[0m&amp#27;[32m&amp#27;[1m"nem lyukas"&amp#27;[0m                 &amp#27;[90m# BDDDir.CsoLyukasStepDefs.csoHasHole(java.lang.String)&amp#27;[0m
]]></system-out>
  </testcase>
  <testcase name="Example #1.3" classname="Examples" time="0.004">
    <system-out><![CDATA[
Scenario Outline: Szerelő megpróbál egy pumpát felvenni &amp#27;[90m# BDDDir/SzereloPumpatFelvesz.feature:10&amp#27;[0m
  &amp#27;[32mGiven &amp#27;[0m&amp#27;[32mA szerelő egy &amp#27;[0m&amp#27;[32m&amp#27;[1m"ciszterna"&amp#27;[0m&amp#27;[32m mezőn áll&amp#27;[0m             &amp#27;[90m# BDDDir.SzereloPumpatFelveszStepDefs.setSzereloOnGivenMezo(java.lang.String)&amp#27;[0m
  &amp#27;[32mWhen &amp#27;[0m&amp#27;[32mMegpróbál egy pumpát felvenni&amp#27;[0m                    &amp#27;[90m# BDDDir.SzereloPumpatFelveszStepDefs.szereloTryPickUpPump()&amp#27;[0m
  &amp#27;[32mThen &amp#27;[0m&amp#27;[32mA pumpa &amp#27;[0m&amp#27;[32m&amp#27;[1m"van"&amp#27;[0m&amp#27;[32m a szerelőnél&amp#27;[0m                       &amp#27;[90m# BDDDir.SzereloPumpatFelveszStepDefs.szereloHasPump(java.lang.String)&amp#27;[0m
]]></system-out>
  </testcase>
  <testcase name="Example #1.4" classname="Examples" time="0.005">
    <system-out><![CDATA[
Scenario Outline: Szerelő megpróbál egy pumpát felvenni &amp#27;[90m# BDDDir/SzereloPumpatFelvesz.feature:11&amp#27;[0m
  &amp#27;[32mGiven &amp#27;[0m&amp#27;[32mA szerelő egy &amp#27;[0m&amp#27;[32m&amp#27;[1m"forrás"&amp#27;[0m&amp#27;[32m mezőn áll&amp#27;[0m                &amp#27;[90m# BDDDir.SzereloPumpatFelveszStepDefs.setSzereloOnGivenMezo(java.lang.String)&amp#27;[0m
Ezen a mezon nem kaphatsz pumpat!
  &amp#27;[32mWhen &amp#27;[0m&amp#27;[32mMegpróbál egy pumpát felvenni&amp#27;[0m                    &amp#27;[90m# BDDDir.SzereloPumpatFelveszStepDefs.szereloTryPickUpPump()&amp#27;[0m
  &amp#27;[32mThen &amp#27;[0m&amp#27;[32mA pumpa &amp#27;[0m&amp#27;[32m&amp#27;[1m"nincs"&amp#27;[0m&amp#27;[32m a szerelőnél&amp#27;[0m                     &amp#27;[90m# BDDDir.SzereloPumpatFelveszStepDefs.szereloHasPump(java.lang.String)&amp#27;[0m
]]></system-out>
  </testcase>
</testsuite>