<?xml version="1.0" encoding="UTF-8"?>
<testsuite xmlns:xsi="http://www.w3.org/2001/XMLSchema-instance" xsi:noNamespaceSchemaLocation="https://maven.apache.org/surefire/maven-surefire-plugin/xsd/surefire-test-report-3.0.xsd" version="3.0" name="BDDDir.TestRunner" time="0.446" tests="9" errors="0" skipped="0" failures="0">
  <properties>
    <property name="java.specification.version" value="20"/>
    <property name="sun.cpu.isalist" value="amd64"/>
    <property name="sun.jnu.encoding" value="Cp1250"/>
    <property name="java.class.path" value="C:\Users\Eszter\iet\Hf\iet-hf-2024-team01\target\test-classes;C:\Users\Eszter\iet\Hf\iet-hf-2024-team01\target\classes;C:\Users\Eszter\.m2\repository\org\junit\jupiter\junit-jupiter\5.10.0\junit-jupiter-5.10.0.jar;C:\Users\Eszter\.m2\repository\org\junit\jupiter\junit-jupiter-api\5.10.0\junit-jupiter-api-5.10.0.jar;C:\Users\Eszter\.m2\repository\org\opentest4j\opentest4j\1.3.0\opentest4j-1.3.0.jar;C:\Users\Eszter\.m2\repository\org\junit\platform\junit-platform-commons\1.10.0\junit-platform-commons-1.10.0.jar;C:\Users\Eszter\.m2\repository\org\junit\jupiter\junit-jupiter-params\5.10.0\junit-jupiter-params-5.10.0.jar;C:\Users\Eszter\.m2\repository\org\junit\jupiter\junit-jupiter-engine\5.10.0\junit-jupiter-engine-5.10.0.jar;C:\Users\Eszter\.m2\repository\org\junit\platform\junit-platform-suite\1.10.2\junit-platform-suite-1.10.2.jar;C:\Users\Eszter\.m2\repository\org\junit\platform\junit-platform-suite-api\1.10.2\junit-platform-suite-api-1.10.2.jar;C:\Users\Eszter\.m2\repository\org\junit\platform\junit-platform-suite-engine\1.10.2\junit-platform-suite-engine-1.10.2.jar;C:\Users\Eszter\.m2\repository\org\junit\platform\junit-platform-suite-commons\1.10.2\junit-platform-suite-commons-1.10.2.jar;C:\Users\Eszter\.m2\repository\org\junit\platform\junit-platform-launcher\1.10.2\junit-platform-launcher-1.10.2.jar;C:\Users\Eszter\.m2\repository\io\cucumber\cucumber-java\7.18.0\cucumber-java-7.18.0.jar;C:\Users\Eszter\.m2\repository\io\cucumber\cucumber-core\7.18.0\cucumber-core-7.18.0.jar;C:\Users\Eszter\.m2\repository\io\cucumber\cucumber-gherkin\7.18.0\cucumber-gherkin-7.18.0.jar;C:\Users\Eszter\.m2\repository\io\cucumber\cucumber-gherkin-messages\7.18.0\cucumber-gherkin-messages-7.18.0.jar;C:\Users\Eszter\.m2\repository\io\cucumber\gherkin\28.0.0\gherkin-28.0.0.jar;C:\Users\Eszter\.m2\repository\io\cucumber\messages\24.1.0\messages-24.1.0.jar;C:\Users\Eszter\.m2\repository\io\cucumber\testng-xml-formatter\0.1.0\testng-xml-formatter-0.1.0.jar;C:\Users\Eszter\.m2\repository\io\cucumber\query\12.1.2\query-12.1.2.jar;C:\Users\Eszter\.m2\repository\io\cucumber\tag-expressions\6.1.0\tag-expressions-6.1.0.jar;C:\Users\Eszter\.m2\repository\io\cucumber\cucumber-expressions\17.1.0\cucumber-expressions-17.1.0.jar;C:\Users\Eszter\.m2\repository\io\cucumber\datatable\7.18.0\datatable-7.18.0.jar;C:\Users\Eszter\.m2\repository\io\cucumber\cucumber-plugin\7.18.0\cucumber-plugin-7.18.0.jar;C:\Users\Eszter\.m2\repository\io\cucumber\docstring\7.18.0\docstring-7.18.0.jar;C:\Users\Eszter\.m2\repository\io\cucumber\html-formatter\21.3.1\html-formatter-21.3.1.jar;C:\Users\Eszter\.m2\repository\io\cucumber\junit-xml-formatter\0.4.0\junit-xml-formatter-0.4.0.jar;C:\Users\Eszter\.m2\repository\io\cucumber\ci-environment\10.0.1\ci-environment-10.0.1.jar;C:\Users\Eszter\.m2\repository\org\apiguardian\apiguardian-api\1.1.2\apiguardian-api-1.1.2.jar;C:\Users\Eszter\.m2\repository\io\cucumber\cucumber-junit-platform-engine\7.18.0\cucumber-junit-platform-engine-7.18.0.jar;C:\Users\Eszter\.m2\repository\org\junit\platform\junit-platform-engine\1.10.2\junit-platform-engine-1.10.2.jar;"/>
    <property name="java.vm.vendor" value="Oracle Corporation"/>
    <property name="sun.arch.data.model" value="64"/>
    <property name="user.variant" value=""/>
    <property name="java.vendor.url" value="https://java.oracle.com/"/>
    <property name="user.timezone" value="Europe/Budapest"/>
    <property name="os.name" value="Windows 10"/>
    <property name="java.vm.specification.version" value="20"/>
    <property name="sun.java.launcher" value="SUN_STANDARD"/>
    <property name="user.country" value="HU"/>
    <property name="sun.boot.library.path" value="C:\Program Files\Java\jdk-20.0.1\bin"/>
    <property name="sun.java.command" value="C:\Users\Eszter\AppData\Local\Temp\surefire3589605377953753244\surefirebooter-20240522214340395_3.jar C:\Users\Eszter\AppData\Local\Temp\surefire3589605377953753244 2024-05-22T21-43-40_110-jvmRun1 surefire-20240522214340395_1tmp surefire_0-20240522214340395_2tmp"/>
    <property name="jdk.debug" value="release"/>
    <property name="surefire.test.class.path" value="C:\Users\Eszter\iet\Hf\iet-hf-2024-team01\target\test-classes;C:\Users\Eszter\iet\Hf\iet-hf-2024-team01\target\classes;C:\Users\Eszter\.m2\repository\org\junit\jupiter\junit-jupiter\5.10.0\junit-jupiter-5.10.0.jar;C:\Users\Eszter\.m2\repository\org\junit\jupiter\junit-jupiter-api\5.10.0\junit-jupiter-api-5.10.0.jar;C:\Users\Eszter\.m2\repository\org\opentest4j\opentest4j\1.3.0\opentest4j-1.3.0.jar;C:\Users\Eszter\.m2\repository\org\junit\platform\junit-platform-commons\1.10.0\junit-platform-commons-1.10.0.jar;C:\Users\Eszter\.m2\repository\org\junit\jupiter\junit-jupiter-params\5.10.0\junit-jupiter-params-5.10.0.jar;C:\Users\Eszter\.m2\repository\org\junit\jupiter\junit-jupiter-engine\5.10.0\junit-jupiter-engine-5.10.0.jar;C:\Users\Eszter\.m2\repository\org\junit\platform\junit-platform-suite\1.10.2\junit-platform-suite-1.10.2.jar;C:\Users\Eszter\.m2\repository\org\junit\platform\junit-platform-suite-api\1.10.2\junit-platform-suite-api-1.10.2.jar;C:\Users\Eszter\.m2\repository\org\junit\platform\junit-platform-suite-engine\1.10.2\junit-platform-suite-engine-1.10.2.jar;C:\Users\Eszter\.m2\repository\org\junit\platform\junit-platform-suite-commons\1.10.2\junit-platform-suite-commons-1.10.2.jar;C:\Users\Eszter\.m2\repository\org\junit\platform\junit-platform-launcher\1.10.2\junit-platform-launcher-1.10.2.jar;C:\Users\Eszter\.m2\repository\io\cucumber\cucumber-java\7.18.0\cucumber-java-7.18.0.jar;C:\Users\Eszter\.m2\repository\io\cucumber\cucumber-core\7.18.0\cucumber-core-7.18.0.jar;C:\Users\Eszter\.m2\repository\io\cucumber\cucumber-gherkin\7.18.0\cucumber-gherkin-7.18.0.jar;C:\Users\Eszter\.m2\repository\io\cucumber\cucumber-gherkin-messages\7.18.0\cucumber-gherkin-messages-7.18.0.jar;C:\Users\Eszter\.m2\repository\io\cucumber\gherkin\28.0.0\gherkin-28.0.0.jar;C:\Users\Eszter\.m2\repository\io\cucumber\messages\24.1.0\messages-24.1.0.jar;C:\Users\Eszter\.m2\repository\io\cucumber\testng-xml-formatter\0.1.0\testng-xml-formatter-0.1.0.jar;C:\Users\Eszter\.m2\repository\io\cucumber\query\12.1.2\query-12.1.2.jar;C:\Users\Eszter\.m2\repository\io\cucumber\tag-expressions\6.1.0\tag-expressions-6.1.0.jar;C:\Users\Eszter\.m2\repository\io\cucumber\cucumber-expressions\17.1.0\cucumber-expressions-17.1.0.jar;C:\Users\Eszter\.m2\repository\io\cucumber\datatable\7.18.0\datatable-7.18.0.jar;C:\Users\Eszter\.m2\repository\io\cucumber\cucumber-plugin\7.18.0\cucumber-plugin-7.18.0.jar;C:\Users\Eszter\.m2\repository\io\cucumber\docstring\7.18.0\docstring-7.18.0.jar;C:\Users\Eszter\.m2\repository\io\cucumber\html-formatter\21.3.1\html-formatter-21.3.1.jar;C:\Users\Eszter\.m2\repository\io\cucumber\junit-xml-formatter\0.4.0\junit-xml-formatter-0.4.0.jar;C:\Users\Eszter\.m2\repository\io\cucumber\ci-environment\10.0.1\ci-environment-10.0.1.jar;C:\Users\Eszter\.m2\repository\org\apiguardian\apiguardian-api\1.1.2\apiguardian-api-1.1.2.jar;C:\Users\Eszter\.m2\repository\io\cucumber\cucumber-junit-platform-engine\7.18.0\cucumber-junit-platform-engine-7.18.0.jar;C:\Users\Eszter\.m2\repository\org\junit\platform\junit-platform-engine\1.10.2\junit-platform-engine-1.10.2.jar;"/>
    <property name="sun.cpu.endian" value="little"/>
    <property name="user.home" value="C:\Users\Eszter"/>
    <property name="user.language" value="hu"/>
    <property name="java.specification.vendor" value="Oracle Corporation"/>
    <property name="java.version.date" value="2023-04-18"/>
    <property name="java.home" value="C:\Program Files\Java\jdk-20.0.1"/>
    <property name="file.separator" value="\"/>
    <property name="basedir" value="C:\Users\Eszter\iet\Hf\iet-hf-2024-team01"/>
    <property name="java.vm.compressedOopsMode" value="Zero based"/>
    <property name="line.separator" value="&#10;"/>
    <property name="java.vm.specification.vendor" value="Oracle Corporation"/>
    <property name="java.specification.name" value="Java Platform API Specification"/>
    <property name="surefire.real.class.path" value="C:\Users\Eszter\AppData\Local\Temp\surefire3589605377953753244\surefirebooter-20240522214340395_3.jar"/>
    <property name="user.script" value=""/>
    <property name="sun.management.compiler" value="HotSpot 64-Bit Tiered Compilers"/>
    <property name="java.runtime.version" value="20.0.1+9-29"/>
    <property name="user.name" value="Eszter"/>
    <property name="stdout.encoding" value="Cp1250"/>
    <property name="path.separator" value=";"/>
    <property name="os.version" value="10.0"/>
    <property name="java.runtime.name" value="OpenJDK Runtime Environment"/>
    <property name="file.encoding" value="UTF-8"/>
    <property name="java.vm.name" value="OpenJDK 64-Bit Server VM"/>
    <property name="localRepository" value="C:\Users\Eszter\.m2\repository"/>
    <property name="java.vendor.url.bug" value="https://bugreport.java.com/bugreport/"/>
    <property name="java.io.tmpdir" value="C:\Users\Eszter\AppData\Local\Temp\"/>
    <property name="java.version" value="20.0.1"/>
    <property name="user.dir" value="C:\Users\Eszter\iet\Hf\iet-hf-2024-team01"/>
    <property name="os.arch" value="amd64"/>
    <property name="java.vm.specification.name" value="Java Virtual Machine Specification"/>
    <property name="sun.os.patch.level" value=""/>
    <property name="native.encoding" value="Cp1250"/>
    <property name="java.library.path" value="C:\Program Files\Java\jdk-20.0.1\bin;C:\windows\Sun\Java\bin;C:\windows\system32;C:\windows;C:\Program Files\Common Files\Oracle\Java\javapath;C:\windows\system32;C:\windows;C:\windows\System32\Wbem;C:\windows\System32\WindowsPowerShell\v1.0\;C:\windows\System32\OpenSSH\;C:\Program Files\Microsoft SQL Server\130\Tools\Binn\;C:\Program Files\dotnet\;C:\Program Files\Microsoft SQL Server\150\Tools\Binn\;C:\Program Files\Microsoft SQL Server\Client SDK\ODBC\170\Tools\Binn\;C:\Program Files (x86)\Microsoft SQL Server\160\DTS\Binn\;C:\Program Files\Azure Data Studio\bin;C:\Program Files (x86)\Microsoft SQL Server\160\Tools\Binn\;C:\Program Files\Microsoft SQL Server\160\Tools\Binn\;C:\Program Files\Microsoft SQL Server\160\DTS\Binn\;C:\Users\Eszter\gradle_lab\gradle-8.5\bin;C:\Program Files\nodejs\;C:\Program Files\Git\cmd;C:\flutter\bin;C:\flutter\bin\cache\dart-sdk\bin;C:\Program Files\Java\jdk-20.0.1\bin;C:\Program Files (x86)\Common Files\Intel\Shared Libraries\redist\intel64_win\compiler;C:\Users\Eszter\AppData\Local\Programs\Python\Launcher\;C:\Users\Eszter\AppData\Local\Microsoft\WindowsApps;C:\Users\Eszter\AppData\Local\Programs\Microsoft VS Code\bin;C:\Program Files\Java\jdk-18.0.2.1\bin;C:\Users\Eszter\.dotnet\tools;C:\Users\Eszter\AppData\Local\GitHubDesktop\bin;C:\Users\Eszter\AppData\Roaming\npm;C:\Users\Eszter\Downloads\apache-maven-3.9.6-bin\apache-maven-3.9.6\bin;C:\Users\Eszter\.jdks\openjdk-22.0.1\bin;."/>
    <property name="java.vm.info" value="mixed mode, sharing"/>
    <property name="stderr.encoding" value="Cp1250"/>
    <property name="java.vendor" value="Oracle Corporation"/>
    <property name="java.vm.version" value="20.0.1+9-29"/>
    <property name="sun.io.unicode.encoding" value="UnicodeLittle"/>
    <property name="java.class.version" value="64.0"/>
  </properties>
  <testcase name="Example #1.1" classname="Examples" time="0.158">
    <system-out><![CDATA[
Scenario Outline: Cső csúszosság tesztelés &amp#27;[90m# BDDDir/CsoCsuszos.feature:9&amp#27;[0m
  &amp#27;[32mGiven &amp#27;[0m&amp#27;[32mA cső még &amp#27;[0m&amp#27;[32m&amp#27;[1m0&amp#27;[0m&amp#27;[32m körig csúszós&amp#27;[0m          &amp#27;[90m# BDDDir.CsoCsuszosStepDefs.setCso(int)&amp#27;[0m
  &amp#27;[32mWhen &amp#27;[0m&amp#27;[32mElteilk egy kör&amp#27;[0m                     &amp#27;[90m# BDDDir.CsoCsuszosStepDefs.elteilkEgyKor()&amp#27;[0m
  &amp#27;[32mThen &amp#27;[0m&amp#27;[32mA cső &amp#27;[0m&amp#27;[32m&amp#27;[1m"nem csúszós"&amp#27;[0m                 &amp#27;[90m# BDDDir.CsoCsuszosStepDefs.aCso(java.lang.String)&amp#27;[0m
]]></system-out>
  </testcase>
  <testcase name="Example #1.1" classname="Examples" time="0.037">
    <system-out><![CDATA[
Scenario Outline: Pumpa átállítás tesztelés                                  &amp#27;[90m# BDDDir/PumpaAtallitas.feature:9&amp#27;[0m
  &amp#27;[32mGiven &amp#27;[0m&amp#27;[32mA pumpa bemeneti csöve: &amp#27;[0m&amp#27;[32m&amp#27;[1m"1"&amp#27;[0m&amp#27;[32m és kiementi csöve: &amp#27;[0m&amp#27;[32m&amp#27;[1m"2"&amp#27;[0m                   &amp#27;[90m# BDDDir.PumpaAtallitasStepDefs.setPumpa(java.lang.String,java.lang.String)&amp#27;[0m
  &amp#27;[32mWhen &amp#27;[0m&amp#27;[32mPumpa átallítása után a bementi cső: &amp#27;[0m&amp#27;[32m&amp#27;[1m"1"&amp#27;[0m&amp#27;[32m marad és a kimeneti cső: &amp#27;[0m&amp#27;[32m&amp#27;[1m"3"&amp#27;[0m &amp#27;[90m# BDDDir.PumpaAtallitasStepDefs.pumpaAtallit(java.lang.String,java.lang.String)&amp#27;[0m
  &amp#27;[32mThen &amp#27;[0m&amp#27;[32mA víz az átállított csőben fog folyni, ami &amp#27;[0m&amp#27;[32m&amp#27;[1m"3"&amp#27;[0m                        &amp#27;[90m# BDDDir.PumpaAtallitasStepDefs.vizFolyasIrany(java.lang.String)&amp#27;[0m
]]></system-out>
  </testcase>
  <testcase name="Example #1.1" classname="Examples" time="0.013">
    <system-out><![CDATA[
Scenario Outline: Pumpa javítás tesztelés                                               &amp#27;[90m# BDDDir/PumpaJavitas.feature:9&amp#27;[0m
  &amp#27;[32mGiven &amp#27;[0m&amp#27;[32mEgy pumpa, amibe megy be egy működő cső, de a pumpa nem működik&amp#27;[0m                 &amp#27;[90m# BDDDir.PumpaJavitasStepDefs.setPumpa()&amp#27;[0m
  &amp#27;[32mWhen &amp#27;[0m&amp#27;[32mHa a pumpát megjavítjuk folyni fog a víz, ha nem akkor nem fog. Javitunk: &amp#27;[0m&amp#27;[32m&amp#27;[1m"true"&amp#27;[0m &amp#27;[90m# BDDDir.PumpaJavitasStepDefs.pumpaJavitas(java.lang.String)&amp#27;[0m
  &amp#27;[32mThen &amp#27;[0m&amp#27;[32mA kimeneti csövön, a víz folyni fog: &amp#27;[0m&amp#27;[32m&amp#27;[1m"true"&amp#27;[0m                                      &amp#27;[90m# BDDDir.PumpaJavitasStepDefs.vizFolyasIrany(java.lang.String)&amp#27;[0m
]]></system-out>
  </testcase>
  <testcase name="Example #1.1" classname="Examples" time="0.012">
    <system-out><![CDATA[
Scenario Outline: Egy az egy &amp#27;[90m# BDDDir/valami.feature:10&amp#27;[0m
  &amp#27;[32mGiven &amp#27;[0m&amp#27;[32mA szam &amp#27;[0m&amp#27;[32m&amp#27;[1m1&amp#27;[0m             &amp#27;[90m# BDDDir.myTestStepDefs.aSzam(int)&amp#27;[0m
  &amp#27;[32mWhen &amp#27;[0m&amp#27;[32mSzamolunk&amp#27;[0m             &amp#27;[90m# BDDDir.myTestStepDefs.szamolunk()&amp#27;[0m
  &amp#27;[32mThen &amp#27;[0m&amp#27;[32mA valasz &amp#27;[0m&amp#27;[32m&amp#27;[1m"yes"&amp#27;[0m        &amp#27;[90m# BDDDir.myTestStepDefs.aValaszAnswer(java.lang.String)&amp#27;[0m
]]></system-out>
  </testcase>
  <testcase name="Example #1.2" classname="Examples" time="0.015">
    <system-out><![CDATA[
Scenario Outline: Cső csúszosság tesztelés &amp#27;[90m# BDDDir/CsoCsuszos.feature:10&amp#27;[0m
  &amp#27;[32mGiven &amp#27;[0m&amp#27;[32mA cső még &amp#27;[0m&amp#27;[32m&amp#27;[1m5&amp#27;[0m&amp#27;[32m körig csúszós&amp#27;[0m          &amp#27;[90m# BDDDir.CsoCsuszosStepDefs.setCso(int)&amp#27;[0m
  &amp#27;[32mWhen &amp#27;[0m&amp#27;[32mElteilk egy kör&amp#27;[0m                     &amp#27;[90m# BDDDir.CsoCsuszosStepDefs.elteilkEgyKor()&amp#27;[0m
  &amp#27;[32mThen &amp#27;[0m&amp#27;[32mA cső &amp#27;[0m&amp#27;[32m&amp#27;[1m"csúszós"&amp#27;[0m                     &amp#27;[90m# BDDDir.CsoCsuszosStepDefs.aCso(java.lang.String)&amp#27;[0m
]]></system-out>
  </testcase>
  <testcase name="Example #1.2" classname="Examples" time="0.011">
    <system-out><![CDATA[
Scenario Outline: Pumpa átállítás tesztelés                                  &amp#27;[90m# BDDDir/PumpaAtallitas.feature:10&amp#27;[0m
  &amp#27;[32mGiven &amp#27;[0m&amp#27;[32mA pumpa bemeneti csöve: &amp#27;[0m&amp#27;[32m&amp#27;[1m"1"&amp#27;[0m&amp#27;[32m és kiementi csöve: &amp#27;[0m&amp#27;[32m&amp#27;[1m"3"&amp#27;[0m                   &amp#27;[90m# BDDDir.PumpaAtallitasStepDefs.setPumpa(java.lang.String,java.lang.String)&amp#27;[0m
  &amp#27;[32mWhen &amp#27;[0m&amp#27;[32mPumpa átallítása után a bementi cső: &amp#27;[0m&amp#27;[32m&amp#27;[1m"1"&amp#27;[0m&amp#27;[32m marad és a kimeneti cső: &amp#27;[0m&amp#27;[32m&amp#27;[1m"2"&amp#27;[0m &amp#27;[90m# BDDDir.PumpaAtallitasStepDefs.pumpaAtallit(java.lang.String,java.lang.String)&amp#27;[0m
  &amp#27;[32mThen &amp#27;[0m&amp#27;[32mA víz az átállított csőben fog folyni, ami &amp#27;[0m&amp#27;[32m&amp#27;[1m"2"&amp#27;[0m                        &amp#27;[90m# BDDDir.PumpaAtallitasStepDefs.vizFolyasIrany(java.lang.String)&amp#27;[0m
]]></system-out>
  </testcase>
  <testcase name="Example #1.2" classname="Examples" time="0.015">
    <system-out><![CDATA[
Scenario Outline: Pumpa javítás tesztelés                                                &amp#27;[90m# BDDDir/PumpaJavitas.feature:10&amp#27;[0m
  &amp#27;[32mGiven &amp#27;[0m&amp#27;[32mEgy pumpa, amibe megy be egy működő cső, de a pumpa nem működik&amp#27;[0m                  &amp#27;[90m# BDDDir.PumpaJavitasStepDefs.setPumpa()&amp#27;[0m
  &amp#27;[32mWhen &amp#27;[0m&amp#27;[32mHa a pumpát megjavítjuk folyni fog a víz, ha nem akkor nem fog. Javitunk: &amp#27;[0m&amp#27;[32m&amp#27;[1m"false"&amp#27;[0m &amp#27;[90m# BDDDir.PumpaJavitasStepDefs.pumpaJavitas(java.lang.String)&amp#27;[0m
  &amp#27;[32mThen &amp#27;[0m&amp#27;[32mA kimeneti csövön, a víz folyni fog: &amp#27;[0m&amp#27;[32m&amp#27;[1m"false"&amp#27;[0m                                      &amp#27;[90m# BDDDir.PumpaJavitasStepDefs.vizFolyasIrany(java.lang.String)&amp#27;[0m
]]></system-out>
  </testcase>
  <testcase name="Example #1.2" classname="Examples" time="0.014">
    <system-out><![CDATA[
Scenario Outline: Egy az egy &amp#27;[90m# BDDDir/valami.feature:11&amp#27;[0m
  &amp#27;[32mGiven &amp#27;[0m&amp#27;[32mA szam &amp#27;[0m&amp#27;[32m&amp#27;[1m2&amp#27;[0m             &amp#27;[90m# BDDDir.myTestStepDefs.aSzam(int)&amp#27;[0m
  &amp#27;[32mWhen &amp#27;[0m&amp#27;[32mSzamolunk&amp#27;[0m             &amp#27;[90m# BDDDir.myTestStepDefs.szamolunk()&amp#27;[0m
  &amp#27;[32mThen &amp#27;[0m&amp#27;[32mA valasz &amp#27;[0m&amp#27;[32m&amp#27;[1m"no"&amp#27;[0m         &amp#27;[90m# BDDDir.myTestStepDefs.aValaszAnswer(java.lang.String)&amp#27;[0m
]]></system-out>
  </testcase>
  <testcase name="Example #1.3" classname="Examples" time="0.014">
    <system-out><![CDATA[
Scenario Outline: Cső csúszosság tesztelés &amp#27;[90m# BDDDir/CsoCsuszos.feature:11&amp#27;[0m
  &amp#27;[32mGiven &amp#27;[0m&amp#27;[32mA cső még &amp#27;[0m&amp#27;[32m&amp#27;[1m1&amp#27;[0m&amp#27;[32m körig csúszós&amp#27;[0m          &amp#27;[90m# BDDDir.CsoCsuszosStepDefs.setCso(int)&amp#27;[0m
  &amp#27;[32mWhen &amp#27;[0m&amp#27;[32mElteilk egy kör&amp#27;[0m                     &amp#27;[90m# BDDDir.CsoCsuszosStepDefs.elteilkEgyKor()&amp#27;[0m
  &amp#27;[32mThen &amp#27;[0m&amp#27;[32mA cső &amp#27;[0m&amp#27;[32m&amp#27;[1m"nem csúszós"&amp#27;[0m                 &amp#27;[90m# BDDDir.CsoCsuszosStepDefs.aCso(java.lang.String)&amp#27;[0m
]]></system-out>
  </testcase>
</testsuite>